<?xml version="1.0" encoding="UTF-8"?>
<!-- Generated by org.testng.reporters.JUnitXMLReporter -->
<testsuite ignored="0" hostname="Danilos-MacBook-Air.local" failures="0" tests="9" name="Test" time="25.214" errors="0" timestamp="10 May 2024 18:21:50 GMT">
  <testcase classname="com.automation.Suite_Login.Login_Part3" name="emptyloginTN" time="0.003"/>
  <testcase classname="com.automation.Suite_Login.Login_Part3" name="invalidloginTN" time="0.0"/>
  <testcase classname="com.automation.Suite_Login.Login_Part3" name="validloginTN" time="0.002"/>
  <testcase classname="com.automation.Suite_Login.Login_Part1" name="emptyloginTN" time="0.001"/>
  <testcase classname="com.automation.Suite_Login.Login_Part1" name="invalidloginTN" time="0.001"/>
  <testcase classname="com.automation.Suite_Login.Login_Part1" name="validloginTN" time="0.001"/>
  <testcase classname="com.automation.Suite_Login.Login_Part2" name="emptyloginTN" time="0.001"/>
  <testcase classname="com.automation.Suite_Login.Login_Part2" name="invalidloginTN" time="0.001"/>
  <testcase classname="com.automation.Suite_Login.Login_Part2" name="validloginTN" time="0.002"/>
</testsuite> <!-- Test -->
