<?xml version="1.0" encoding="UTF-8"?>
<!-- Generated by org.testng.reporters.JUnitXMLReporter -->
<testsuite ignored="0" hostname="Danilos-MacBook-Air.local" failures="0" tests="9" name="Test" time="35.834" errors="0" timestamp="10 May 2024 18:22:26 GMT">
  <testcase classname="com.automation.Suite_Register.Register_Part2" name="emptyRegisterTN" time="0.001"/>
  <testcase classname="com.automation.Suite_Register.Register_Part2" name="invalidRegisterTN" time="0.001"/>
  <testcase classname="com.automation.Suite_Register.Register_Part2" name="validRegisterTN" time="0.001"/>
  <testcase classname="com.automation.Suite_Register.Register_Part1" name="emptyRegisterTN" time="0.001"/>
  <testcase classname="com.automation.Suite_Register.Register_Part1" name="invalidRegisterTN" time="0.001"/>
  <testcase classname="com.automation.Suite_Register.Register_Part1" name="validRegisterTN" time="0.001"/>
  <testcase classname="com.automation.Suite_Register.Register_Part3" name="emptyRegisterTN" time="0.001"/>
  <testcase classname="com.automation.Suite_Register.Register_Part3" name="invalidRegisterTN" time="0.001"/>
  <testcase classname="com.automation.Suite_Register.Register_Part3" name="validRegisterTN" time="0.0"/>
</testsuite> <!-- Test -->
